<?xml version="1.0" encoding="UTF-8"?>
<!-- Generated by org.testng.reporters.JUnitReportReporter -->
<testsuite hostname="INPU1WHP6169500" failures="0" tests="3" name="testCases.TC2" time="0.008" errors="0" timestamp="2025-07-13T15:08:55 IST" skipped="0">
  <testcase classname="testCases.TC2" name="function3" time="0.003"/>
  <testcase classname="testCases.TC2" name="function1" time="0.003"/>
  <testcase classname="testCases.TC2" name="function4" time="0.002"/>
</testsuite> <!-- testCases.TC2 -->
