<?xml version="1.0" encoding="UTF-8"?>
<!-- Generated by org.testng.reporters.JUnitReportReporter -->
<testsuite hostname="INPU1WHP6169500" failures="0" tests="3" name="testCases.TC1" time="0.036" errors="0" timestamp="2025-07-13T13:18:46 IST" skipped="0">
  <testcase classname="testCases.TC1" name="function4" time="0.001"/>
  <testcase classname="testCases.TC1" name="function1" time="0.033"/>
  <testcase classname="testCases.TC1" name="function3" time="0.002"/>
</testsuite> <!-- testCases.TC1 -->
